
> typescript-express-phaser-socketio-starter@1.0.0 dev
> nodemon --watch src -e ts --exec npm-run-all build start

[33m[nodemon] 1.19.4[39m
[33m[nodemon] to restart at any time, enter `rs`[39m
[33m[nodemon] watching dir(s): src/**/*[39m
[33m[nodemon] watching extensions: ts[39m
[32m[nodemon] starting `npm-run-all build start`[39m
node:events:504
      throw er; // Unhandled 'error' event
      ^

Error: EBADF: bad file descriptor, read
Emitted 'error' event on ReadStream instance at:
    at emitErrorNT (node:internal/streams/destroy:157:8)
    at errorOrDestroy (node:internal/streams/destroy:220:7)
    at node:internal/fs/streams:258:9
    at FSReqCallback.wrapper [as oncomplete] (node:fs:660:5) {
  errno: -9,
  code: 'EBADF',
  syscall: 'read'
}

> typescript-express-phaser-socketio-starter@1.0.0 build
> npm-run-all clean tsc assets parcel


> typescript-express-phaser-socketio-starter@1.0.0 clean
> rimraf dist/*


> typescript-express-phaser-socketio-starter@1.0.0 tsc
> tsc


> typescript-express-phaser-socketio-starter@1.0.0 assets
> cp -R src/client/index.html src/client/css src/client/img dist/client


> typescript-express-phaser-socketio-starter@1.0.0 parcel
> parcel build src/client/game.ts -d dist/client

✨  Built in 1.16s.

dist/client/game.js.map    300.16 KB     81ms
dist/client/game.js         94.07 KB    1.03s

> typescript-express-phaser-socketio-starter@1.0.0 start
> node dist/server/server.js

listening
s2jXCitj-lJxjdhEAAAB Client connected!
s2jXCitj-lJxjdhEAAAB Game init
oibns51Wqs6L1N2uAAAD Client connected!
oibns51Wqs6L1N2uAAAD Game init
s2jXCitj-lJxjdhEAAAB Client disconnected!
N255MyGqr8zLUrgZAAAF Client connected!
oibns51Wqs6L1N2uAAAD Client disconnected!
N255MyGqr8zLUrgZAAAF Game init
tPfxjvvC2aaDQJd2AAAH Client connected!
tPfxjvvC2aaDQJd2AAAH Game init
N255MyGqr8zLUrgZAAAF Game init
2lj0rMxosjx8eHyxAAAJ Client connected!
2lj0rMxosjx8eHyxAAAJ Game init
tPfxjvvC2aaDQJd2AAAH Game init
N255MyGqr8zLUrgZAAAF Game init
N255MyGqr8zLUrgZAAAF Game init
2lj0rMxosjx8eHyxAAAJ Client disconnected!
tkjLVkUfeyNQrWi7AAAL Client connected!
tkjLVkUfeyNQrWi7AAAL Game init
VPPpiVDvYO3V20XfAAAN Client connected!
VPPpiVDvYO3V20XfAAAN Game init
VPPpiVDvYO3V20XfAAAN Game init
N255MyGqr8zLUrgZAAAF Game init
tPfxjvvC2aaDQJd2AAAH Game init
tPfxjvvC2aaDQJd2AAAH Game init
qoTUrsjAH9iI-D8BAAAP Client connected!
qoTUrsjAH9iI-D8BAAAP Game init
tPfxjvvC2aaDQJd2AAAH Game init
_oaHMTfUvSqKsXHzAAAR Client connected!
VPPpiVDvYO3V20XfAAAN Game init
tkjLVkUfeyNQrWi7AAAL Game init
VPPpiVDvYO3V20XfAAAN Game init
qoTUrsjAH9iI-D8BAAAP Game init
tkjLVkUfeyNQrWi7AAAL Game init
tkjLVkUfeyNQrWi7AAAL Game init
VPPpiVDvYO3V20XfAAAN Game init
qoTUrsjAH9iI-D8BAAAP Game init
VPPpiVDvYO3V20XfAAAN Game init
tkjLVkUfeyNQrWi7AAAL Game init
qoTUrsjAH9iI-D8BAAAP Game init
VPPpiVDvYO3V20XfAAAN Client disconnected!
DC0ZfKhOze3yJY3lAAAT Client connected!
DC0ZfKhOze3yJY3lAAAT Client disconnected!
xPEnjfpTzDFev8P1AAAW Client connected!
gok4Njp-0HDVVTY6AAAX Client connected!
xPEnjfpTzDFev8P1AAAW Game init
gok4Njp-0HDVVTY6AAAX Game init
tkjLVkUfeyNQrWi7AAAL Game init
xPEnjfpTzDFev8P1AAAW Game init
tkjLVkUfeyNQrWi7AAAL Game init
_oaHMTfUvSqKsXHzAAAR Client disconnected!
tkjLVkUfeyNQrWi7AAAL Game init
xPEnjfpTzDFev8P1AAAW Game init
xPEnjfpTzDFev8P1AAAW Game init
tkjLVkUfeyNQrWi7AAAL Game init
MHW-RsThaxpnHMy-AAAZ Client connected!
tkjLVkUfeyNQrWi7AAAL Game init
xPEnjfpTzDFev8P1AAAW Game init
MHW-RsThaxpnHMy-AAAZ Game init
tkjLVkUfeyNQrWi7AAAL Game init
tkjLVkUfeyNQrWi7AAAL Game init
gok4Njp-0HDVVTY6AAAX Game init
tkjLVkUfeyNQrWi7AAAL Game init
MHW-RsThaxpnHMy-AAAZ Game init
tkjLVkUfeyNQrWi7AAAL Game init
tkjLVkUfeyNQrWi7AAAL Game init
gok4Njp-0HDVVTY6AAAX Game init
gok4Njp-0HDVVTY6AAAX Game init
tkjLVkUfeyNQrWi7AAAL Game init
xPEnjfpTzDFev8P1AAAW Game init
MHW-RsThaxpnHMy-AAAZ Client disconnected!
xPEnjfpTzDFev8P1AAAW Client disconnected!
IfTSk9VFI131U0AkAAAb Client connected!
IfTSk9VFI131U0AkAAAb Game init
tPfxjvvC2aaDQJd2AAAH Game init
bLfVH4X3teKjtzt8AAAd Client connected!
gok4Njp-0HDVVTY6AAAX Client disconnected!
f6YcoJT-ANxnGd6MAAAg Client connected!
f6YcoJT-ANxnGd6MAAAg Game init
tkjLVkUfeyNQrWi7AAAL Game init
IDdsNEDg0eb0zTgGAAAi Client connected!
tkjLVkUfeyNQrWi7AAAL Client disconnected!
IDdsNEDg0eb0zTgGAAAi Game init
IDdsNEDg0eb0zTgGAAAi Client disconnected!
0Dd4pJt7OXb8_t4MAAAk Client connected!
0Dd4pJt7OXb8_t4MAAAk Game init
bLfVH4X3teKjtzt8AAAd Client disconnected!
qoTUrsjAH9iI-D8BAAAP Client disconnected!
rpuC4bOKuNyskjdZAAAm Client connected!
rpuC4bOKuNyskjdZAAAm Game init
rpuC4bOKuNyskjdZAAAm Game init
rpuC4bOKuNyskjdZAAAm Client disconnected!
N255MyGqr8zLUrgZAAAF Game init
tPfxjvvC2aaDQJd2AAAH Game init
IfTSk9VFI131U0AkAAAb Client disconnected!
0Dd4pJt7OXb8_t4MAAAk Game init
Rd8Fol96agVRbQajAAAr Client connected!
Rd8Fol96agVRbQajAAAr Client disconnected!
rvJ4arz6YDZzIY_NAAAt Client connected!
rvJ4arz6YDZzIY_NAAAt Game init
G0-9MeEp8iOOX4XBAAAv Client connected!
N255MyGqr8zLUrgZAAAF Game init
tPfxjvvC2aaDQJd2AAAH Game init
f6YcoJT-ANxnGd6MAAAg Client disconnected!
G0-9MeEp8iOOX4XBAAAv Client disconnected!
_EPADO79bTrUaQJ1AAAy Client connected!
xpXbgmt9GSiIs8kMAAA0 Client connected!
_EPADO79bTrUaQJ1AAAy Game init
_EPADO79bTrUaQJ1AAAy Game init
0Dd4pJt7OXb8_t4MAAAk Game init
_EPADO79bTrUaQJ1AAAy Game init
0Dd4pJt7OXb8_t4MAAAk Game init
0Dd4pJt7OXb8_t4MAAAk Game init
_EPADO79bTrUaQJ1AAAy Game init
N255MyGqr8zLUrgZAAAF Game init
tPfxjvvC2aaDQJd2AAAH Game init
0Dd4pJt7OXb8_t4MAAAk Game init
tPfxjvvC2aaDQJd2AAAH Game init
tPfxjvvC2aaDQJd2AAAH Game init
xpXbgmt9GSiIs8kMAAA0 Game init
rvJ4arz6YDZzIY_NAAAt Game init
tPfxjvvC2aaDQJd2AAAH Client disconnected!
_EPADO79bTrUaQJ1AAAy Game init
16vSmR7p99mGUd6pAAA2 Client connected!
16vSmR7p99mGUd6pAAA2 Game init
xpXbgmt9GSiIs8kMAAA0 Game init
16vSmR7p99mGUd6pAAA2 Game init
_EPADO79bTrUaQJ1AAAy Game init
xpXbgmt9GSiIs8kMAAA0 Game init
N255MyGqr8zLUrgZAAAF Game init
16vSmR7p99mGUd6pAAA2 Client disconnected!
NrlDdRtDlTdaKK7UAAA4 Client connected!
NrlDdRtDlTdaKK7UAAA4 Game init
rvJ4arz6YDZzIY_NAAAt Game init
rvJ4arz6YDZzIY_NAAAt Client disconnected!
_EPADO79bTrUaQJ1AAAy Game init
xpXbgmt9GSiIs8kMAAA0 Client disconnected!
-jbBP3wrVpCDS7ODAAA6 Client connected!
-jbBP3wrVpCDS7ODAAA6 Game init
N255MyGqr8zLUrgZAAAF Game init
-jbBP3wrVpCDS7ODAAA6 Client disconnected!
O5sgcc94URblZqLNAAA8 Client connected!
NrlDdRtDlTdaKK7UAAA4 Game init
O5sgcc94URblZqLNAAA8 Client disconnected!
bIevW8EqRY-gpGsVAAA- Client connected!
0Dd4pJt7OXb8_t4MAAAk Client disconnected!
c6YLJ1kYA-wHCi7WAABA Client connected!
c6YLJ1kYA-wHCi7WAABA Client disconnected!
N255MyGqr8zLUrgZAAAF Game init
N255MyGqr8zLUrgZAAAF Game init
N255MyGqr8zLUrgZAAAF Game init
_EPADO79bTrUaQJ1AAAy Client disconnected!
9R_J250JwfxUUMxUAABC Client connected!
N255MyGqr8zLUrgZAAAF Game init
NrlDdRtDlTdaKK7UAAA4 Game init
N255MyGqr8zLUrgZAAAF Game init
N255MyGqr8zLUrgZAAAF Game init
9R_J250JwfxUUMxUAABC Game init
9R_J250JwfxUUMxUAABC Game init
NrlDdRtDlTdaKK7UAAA4 Game init
bIevW8EqRY-gpGsVAAA- Game init
N255MyGqr8zLUrgZAAAF Game init
bIevW8EqRY-gpGsVAAA- Game init
bIevW8EqRY-gpGsVAAA- Game init
bIevW8EqRY-gpGsVAAA- Game init
bIevW8EqRY-gpGsVAAA- Game init
N255MyGqr8zLUrgZAAAF Game init
NrlDdRtDlTdaKK7UAAA4 Client disconnected!
9R_J250JwfxUUMxUAABC Game init
bIevW8EqRY-gpGsVAAA- Game init
bIevW8EqRY-gpGsVAAA- Game init
bIevW8EqRY-gpGsVAAA- Game init
N255MyGqr8zLUrgZAAAF Game init
bIevW8EqRY-gpGsVAAA- Game init
bIevW8EqRY-gpGsVAAA- Game init
N255MyGqr8zLUrgZAAAF Game init
N255MyGqr8zLUrgZAAAF Game init
bIevW8EqRY-gpGsVAAA- Game init
N255MyGqr8zLUrgZAAAF Game init
N255MyGqr8zLUrgZAAAF Game init
N255MyGqr8zLUrgZAAAF Game init
9R_J250JwfxUUMxUAABC Game init
9R_J250JwfxUUMxUAABC Game init
bIevW8EqRY-gpGsVAAA- Game init
N255MyGqr8zLUrgZAAAF Game init
bIevW8EqRY-gpGsVAAA- Game init
oP7YqAo-x1uFT1amAABE Client connected!
oP7YqAo-x1uFT1amAABE Game init
bIevW8EqRY-gpGsVAAA- Game init
oP7YqAo-x1uFT1amAABE Game init
9R_J250JwfxUUMxUAABC Game init
bIevW8EqRY-gpGsVAAA- Game init
N255MyGqr8zLUrgZAAAF Game init
N255MyGqr8zLUrgZAAAF Game init
bIevW8EqRY-gpGsVAAA- Game init
N255MyGqr8zLUrgZAAAF Game init
N255MyGqr8zLUrgZAAAF Game init
N255MyGqr8zLUrgZAAAF Game init
9R_J250JwfxUUMxUAABC Game init
N255MyGqr8zLUrgZAAAF Game init
bIevW8EqRY-gpGsVAAA- Game init
bIevW8EqRY-gpGsVAAA- Game init
N255MyGqr8zLUrgZAAAF Game init
N255MyGqr8zLUrgZAAAF Game init
N255MyGqr8zLUrgZAAAF Game init
bIevW8EqRY-gpGsVAAA- Game init
9R_J250JwfxUUMxUAABC Game init
N255MyGqr8zLUrgZAAAF Game init
bIevW8EqRY-gpGsVAAA- Game init
N255MyGqr8zLUrgZAAAF Game init
bIevW8EqRY-gpGsVAAA- Game init
oP7YqAo-x1uFT1amAABE Game init
N255MyGqr8zLUrgZAAAF Game init
bIevW8EqRY-gpGsVAAA- Game init
N255MyGqr8zLUrgZAAAF Game init
N255MyGqr8zLUrgZAAAF Game init
bIevW8EqRY-gpGsVAAA- Game init
bIevW8EqRY-gpGsVAAA- Game init
bIevW8EqRY-gpGsVAAA- Game init
N255MyGqr8zLUrgZAAAF Game init
bIevW8EqRY-gpGsVAAA- Game init
N255MyGqr8zLUrgZAAAF Game init
oP7YqAo-x1uFT1amAABE Game init
bIevW8EqRY-gpGsVAAA- Game init
N255MyGqr8zLUrgZAAAF Game init
bIevW8EqRY-gpGsVAAA- Game init
N255MyGqr8zLUrgZAAAF Game init
oP7YqAo-x1uFT1amAABE Client disconnected!
N255MyGqr8zLUrgZAAAF Game init
bIevW8EqRY-gpGsVAAA- Game init
9R_J250JwfxUUMxUAABC Game init
9R_J250JwfxUUMxUAABC Game init
9R_J250JwfxUUMxUAABC Game init
bIevW8EqRY-gpGsVAAA- Game init
N255MyGqr8zLUrgZAAAF Game init
N255MyGqr8zLUrgZAAAF Game init
mUSC2NvK0Ff4CEGlAABG Client connected!
mUSC2NvK0Ff4CEGlAABG Game init
9R_J250JwfxUUMxUAABC Game init
mUSC2NvK0Ff4CEGlAABG Client disconnected!
bIevW8EqRY-gpGsVAAA- Client disconnected!
sH6pN_vc2ga5wvtOAABI Client connected!
N255MyGqr8zLUrgZAAAF Game init
sH6pN_vc2ga5wvtOAABI Game init
sH6pN_vc2ga5wvtOAABI Client disconnected!
A-e3ylBPCkzLUE9kAABK Client connected!
A-e3ylBPCkzLUE9kAABK Game init
A-e3ylBPCkzLUE9kAABK Game init
9R_J250JwfxUUMxUAABC Client disconnected!
A-e3ylBPCkzLUE9kAABK Client disconnected!
ZJlAVAiQlVGq6kOXAABM Client connected!
ZJlAVAiQlVGq6kOXAABM Game init
N255MyGqr8zLUrgZAAAF Game init
ZJlAVAiQlVGq6kOXAABM Client disconnected!
lyDzq2Y89qQNjx9rAABO Client connected!
lyDzq2Y89qQNjx9rAABO Client disconnected!
sz0-ksJDllQbRCqDAABU Client connected!
sz0-ksJDllQbRCqDAABU Client disconnected!
kIdRsNELES9Ix7N_AABa Client connected!
kIdRsNELES9Ix7N_AABa Game init
kIdRsNELES9Ix7N_AABa Client disconnected!
N255MyGqr8zLUrgZAAAF Client disconnected!
LtkFcUPruJE5uNCoAABd Client connected!
LtkFcUPruJE5uNCoAABd Game init
LtkFcUPruJE5uNCoAABd Client disconnected!
nW82g0sPc2UTBMf2AABf Client connected!
nW82g0sPc2UTBMf2AABf Game init
nW82g0sPc2UTBMf2AABf Client disconnected!
Bbf8wuZblVzAM0raAABh Client connected!
Bbf8wuZblVzAM0raAABh Game init
Bbf8wuZblVzAM0raAABh Client disconnected!
kEJkmNxeMLo7pi_QAABj Client connected!
kEJkmNxeMLo7pi_QAABj Game init
kEJkmNxeMLo7pi_QAABj Client disconnected!
K_Uz3mczCYyv_xOUAABl Client connected!
K_Uz3mczCYyv_xOUAABl Game init
K_Uz3mczCYyv_xOUAABl Client disconnected!
UEpzYzEV-1aRNv5yAABn Client connected!
UEpzYzEV-1aRNv5yAABn Game init
Terminated
ERROR: "start" exited with 143.
